<html>
<head>
<title>TestNG:  INSZoomTestcase Execution_CaseManager</title>
<link href="../testng.css" rel="stylesheet" type="text/css" />
<link href="../my-testng.css" rel="stylesheet" type="text/css" />

<style type="text/css">
.log { display: none;} 
.stack-trace { display: none;} 
</style>
<script type="text/javascript">
<!--
function flip(e) {
  current = e.style.display;
  if (current == 'block') {
    e.style.display = 'none';
    return 0;
  }
  else {
    e.style.display = 'block';
    return 1;
  }
}

function toggleBox(szDivId, elem, msg1, msg2)
{
  var res = -1;  if (document.getElementById) {
    res = flip(document.getElementById(szDivId));
  }
  else if (document.all) {
    // this is the way old msie versions work
    res = flip(document.all[szDivId]);
  }
  if(elem) {
    if(res == 0) elem.innerHTML = msg1; else elem.innerHTML = msg2;
  }

}

function toggleAllBoxes() {
  if (document.getElementsByTagName) {
    d = document.getElementsByTagName('div');
    for (i = 0; i < d.length; i++) {
      if (d[i].className == 'log') {
        flip(d[i]);
      }
    }
  }
}

// -->
</script>

</head>
<body>
<h2 align='center'>INSZoomTestcase Execution_CaseManager</h2><table border='1' align="center">
<tr>
<td>Tests passed/Failed/Skipped:</td><td>0/1/0</td>
</tr><tr>
<td>Started on:</td><td>Wed Sep 22 17:56:26 IST 2021</td>
</tr>
<tr><td>Total time:</td><td>200 seconds (200363 ms)</td>
</tr><tr>
<td>Included groups:</td><td></td>
</tr><tr>
<td>Excluded groups:</td><td></td>
</tr>
</table><p/>
<small><i>(Hover the method name to see the test class name)</i></small><p/>
<table width='100%' border='1' class='invocation-failed'>
<tr><td colspan='4' align='center'><b>FAILED TESTS</b></td></tr>
<tr><td><b>Test method</b></td>
<td width="30%"><b>Exception</b></td>
<td width="10%"><b>Time (seconds)</b></td>
<td><b>Instance</b></td>
</tr>
<tr>
<td title='com.inszoomapp.testscripts.ToDoTestScripts.CM_TC_112_1()'><b>CM_TC_112_1</b><br>Test class: com.inszoomapp.testscripts.ToDoTestScripts<br>Test method: Case: To-Do Questionnaire<br>Parameters: , chrome_WINDOWS<br/>
<a href="#Output-1894302006" onClick='toggleBox("Output-1894302006", this, "Show output", "Hide output");'>Show output</a>

<a href="#Output-1894302006" onClick="toggleAllBoxes();">Show all outputs</a>
<div class='log' id="Output-1894302006">
<div class="test-message">&emsp;Successfully lauched the URL https://qa.guisystems.com/</div><br/>
<div class="test-message">&emsp;Typed asauravstg in Username textbox.</div><br/>
<div class="test-message">&emsp;Typed Zoom@123 in Password textbox.</div><br/>
<div class="test-message">&emsp;Clicking on Login Button</div><br/>
<div class="test-message">&emsp;Clicked on Login Button</div><br/>
<div class="test-message">&emsp;Time Taken to Login TO application is 11</div><br/>
<div class="test-message">&emsp;Agree option in the disclaimer is not present</div><br/>
<div class="test-message">&emsp;Clicking on Case Tab from left menu</div><br/>
<div class="test-message">&emsp;Clicked on Case Tab from left menu</div><br/>
<div class="test-message">&emsp;Clicking on Show all cases-3264627218</div><br/>
<div class="test-message">&emsp;Clicked on Show all cases-3264627218</div><br/>
<div class="test-message">&emsp;-3264627241</div><br/>
<div class="test-message">&emsp;Typed KBGRIT06900-1 in in case Id search box textbox.</div><br/>
<div class="test-message">&emsp;Clicking on Case ID</div><br/>
<div class="test-message">&emsp;Clicked on Case ID</div><br/>
<div class="test-message">&emsp;Clicked on EQUALTO filter to search client and waited for the loader to become invisible</div><br/>
<div class="test-message">&emsp;Clicking on KBGRIT06900-1</div><br/>
<div class="test-message">&emsp;Clicked on KBGRIT06900-1</div><br/>
<div class="test-message">&emsp;Clicking on To Do tab</div><br/>
<div class="test-message">&emsp;Clicked on To Do tab</div><br/>
<div class="test-message">&emsp;Clicking on New To Do button</div><br/>
<div class="test-message">&emsp;Clicked on New To Do button</div><br/>
<div class="test-message">&emsp;Clicking on questionnaire icon</div><br/>
<div class="test-message">&emsp;Clicked on questionnaire icon</div><br/>
<div class="test-message">&emsp;Selected option Client15-09-2021 06:01:30 Lname15-09-2021 06:01:30 from Dropdown By Visible text</div><br/>
<div class="test-message">&emsp;Typed Instruction for To-Do Questionnaire in instruction textbox.</div><br/>
<div class="test-message">&emsp;Clicking on expand Questionnaire</div><br/>
<div class="test-message">&emsp;Clicked on expand Questionnaire</div><br/>
<div class="test-message">&emsp;Clicking on add questionnaire link</div><br/>
<div class="test-message">&emsp;Clicked on add questionnaire link</div><br/>
<div class="test-message">&emsp;Typed Automation-I-941: Application for Entrepreneur Parole in entered questionnaire name textbox.</div><br/>
<div class="test-message">&emsp;Clicking on add questionnaire icon</div><br/>
<div class="test-message">&emsp;Clicked on add questionnaire icon</div><br/>
<div class="test-message">&emsp;Clicking on unlink all</div><br/>
<div class="test-message">&emsp;Clicked on unlink all</div><br/>
<div class="test-message">&emsp;Questionnaire was not present earlier</div><br/>
<div class="test-message">&emsp;&emsp;<a href=".\ScreenShot\CM_TC_112_1_1.png" target="_blank" >[ScreenShot]</a></div><br/>
<div class="test-result"><br><font color="green"><strong> Verified Automation-I-941: Application for Entrepreneur Parole in add to-do page </strong></font> </div>&emsp;<br/>
<div class="test-message">&emsp;Waited but element not found. ERROR - Expected condition failed: waiting for visibility of element located by By.xpath: //div[@class='onoffswitch-inner' and @linked-count] (tried for 120 second(s) with 500 milliseconds interval)
Build info: version: '3.141.59', revision: 'e82be7d358', time: '2018-11-14T08:17:03'
System info: host: 'MT-HYD-X312', ip: '192.168.173.161', os.name: 'Windows 10', os.arch: 'amd64', os.version: '10.0', java.version: '1.8.0_281'
Driver info: org.openqa.selenium.remote.RemoteWebDriver
Capabilities {acceptInsecureCerts: false, browserName: chrome, browserVersion: 93.0.4577.82, chrome: {chromedriverVersion: 93.0.4577.63 (ff5c0da2ec0ad..., userDataDir: C:\Users\SAURAV~1.PUR\AppDa...}, goog:chromeOptions: {debuggerAddress: localhost:59529}, javascriptEnabled: true, networkConnectionEnabled: false, pageLoadStrategy: normal, platform: WINDOWS, platformName: WINDOWS, proxy: Proxy(), setWindowRect: true, strictFileInteractability: false, timeouts: {implicit: 0, pageLoad: 300000, script: 30000}, unhandledPromptBehavior: dismiss and notify, webauthn:extension:credBlob: true, webauthn:extension:largeBlob: true, webauthn:virtualAuthenticators: true, webdriver.remote.sessionid: c2c1e80c04fab89279030f71d40...}
Session ID: c2c1e80c04fab89279030f71d401c9e0&emsp;<a href=".\ScreenShot\CM_TC_112_1_2.png" target="_blank" >[ScreenShot]</a></div><br/>
<!--FAIL--><br/>
<div class="test-result"><br><font color="red"><strong> Waited but element not found. ERROR - Expected condition failed: waiting for visibility of element located by By.xpath: //div[@class='onoffswitch-inner' and @linked-count] (tried for 120 second(s) with 500 milliseconds interval)
Build info: version: '3.141.59', revision: 'e82be7d358', time: '2018-11-14T08:17:03'
System info: host: 'MT-HYD-X312', ip: '192.168.173.161', os.name: 'Windows 10', os.arch: 'amd64', os.version: '10.0', java.version: '1.8.0_281'
Driver info: org.openqa.selenium.remote.RemoteWebDriver
Capabilities {acceptInsecureCerts: false, browserName: chrome, browserVersion: 93.0.4577.82, chrome: {chromedriverVersion: 93.0.4577.63 (ff5c0da2ec0ad..., userDataDir: C:\Users\SAURAV~1.PUR\AppDa...}, goog:chromeOptions: {debuggerAddress: localhost:59529}, javascriptEnabled: true, networkConnectionEnabled: false, pageLoadStrategy: normal, platform: WINDOWS, platformName: WINDOWS, proxy: Proxy(), setWindowRect: true, strictFileInteractability: false, timeouts: {implicit: 0, pageLoad: 300000, script: 30000}, unhandledPromptBehavior: dismiss and notify, webauthn:extension:credBlob: true, webauthn:extension:largeBlob: true, webauthn:virtualAuthenticators: true, webdriver.remote.sessionid: c2c1e80c04fab89279030f71d40...}
Session ID: c2c1e80c04fab89279030f71d401c9e0 </strong></font> <a href=".\ScreenShot\CM_TC_112_1_2.png" target="_blank" >[ScreenShot]</a></div>&emsp;<br/>
</div>
</td>
<td><div><pre>java.lang.AssertionError: Waited but element not found. ERROR - Expected condition failed: waiting for visibility of element located by By.xpath: //div[@class=&apos;onoffswitch-inner&apos; and @linked-count] (tried for 120 second(s) with 500 milliseconds interval)
Build info: version: &apos;3.141.59&apos;, revision: &apos;e82be7d358&apos;, time: &apos;2018-11-14T08:17:03&apos;
System info: host: &apos;MT-HYD-X312&apos;, ip: &apos;192.168.173.161&apos;, os.name: &apos;Windows 10&apos;, os.arch: &apos;amd64&apos;, os.version: &apos;10.0&apos;, java.version: &apos;1.8.0_281&apos;
Driver info: org.openqa.selenium.remote.RemoteWebDriver
Capabilities {acceptInsecureCerts: false, browserName: chrome, browserVersion: 93.0.4577.82, chrome: {chromedriverVersion: 93.0.4577.63 (ff5c0da2ec0ad..., userDataDir: C:\Users\SAURAV~1.PUR\AppDa...}, goog:chromeOptions: {debuggerAddress: localhost:59529}, javascriptEnabled: true, networkConnectionEnabled: false, pageLoadStrategy: normal, platform: WINDOWS, platformName: WINDOWS, proxy: Proxy(), setWindowRect: true, strictFileInteractability: false, timeouts: {implicit: 0, pageLoad: 300000, script: 30000}, unhandledPromptBehavior: dismiss and notify, webauthn:extension:credBlob: true, webauthn:extension:largeBlob: true, webauthn:virtualAuthenticators: true, webdriver.remote.sessionid: c2c1e80c04fab89279030f71d40...}
Session ID: c2c1e80c04fab89279030f71d401c9e0
	at org.testng.Assert.fail(Assert.java:94)
	at com.support.files.Log.fail(Log.java:727)
	at com.support.files.Utils.waitForElement(Utils.java:357)
	at com.inszoomapp.pages.CM_ClientToDoPage.addNewToDoUsingQuestionnaireTemplateAndDocsCheckList(CM_ClientToDoPage.java:410)
	at com.inszoomapp.testscripts.ToDoTestScripts.CM_TC_112_1(ToDoTestScripts.java:959)
	at sun.reflect.NativeMethodAccessorImpl.invoke0(Native Method)
	at sun.reflect.NativeMethodAccessorImpl.invoke(Unknown Source)
	at sun.reflect.DelegatingMethodAccessorImpl.invoke(Unknown Source)
	at java.lang.reflect.Method.invoke(Unknown Source)
	at org.testng.internal.MethodInvocationHelper.invokeMethod(MethodInvocationHelper.java:85)
	at org.testng.internal.Invoker.invokeMethod(Invoker.java:639)
	at org.testng.internal.Invoker.invokeTestMethod(Invoker.java:816)
	at org.testng.internal.TestMethodWithDataProviderMethodWorker.call(TestMethodWithDataProviderMethodWorker.java:75)
	at org.testng.internal.TestMethodWithDataProviderMethodWorker.call(TestMethodWithDataProviderMethodWorker.java:14)
	at java.util.concurrent.FutureTask.run(Unknown Source)
	at java.util.concurrent.Executors$RunnableAdapter.call(Unknown Source)
	at java.util.concurrent.FutureTask.run(Unknown Source)
	at java.util.concurrent.ThreadPoolExecutor.runWorker(Unknown Source)
	at java.util.concurrent.ThreadPoolExecutor$Worker.run(Unknown Source)
	at java.lang.Thread.run(Unknown Source)
</pre></div><a href='#' onClick='toggleBox("stack-trace1894302006", this, "Click to show all stack frames", "Click to hide stack frames")'>Click to show all stack frames</a>
<div class='stack-trace' id='stack-trace1894302006'><pre>java.lang.AssertionError: Waited but element not found. ERROR - Expected condition failed: waiting for visibility of element located by By.xpath: //div[@class=&apos;onoffswitch-inner&apos; and @linked-count] (tried for 120 second(s) with 500 milliseconds interval)
Build info: version: &apos;3.141.59&apos;, revision: &apos;e82be7d358&apos;, time: &apos;2018-11-14T08:17:03&apos;
System info: host: &apos;MT-HYD-X312&apos;, ip: &apos;192.168.173.161&apos;, os.name: &apos;Windows 10&apos;, os.arch: &apos;amd64&apos;, os.version: &apos;10.0&apos;, java.version: &apos;1.8.0_281&apos;
Driver info: org.openqa.selenium.remote.RemoteWebDriver
Capabilities {acceptInsecureCerts: false, browserName: chrome, browserVersion: 93.0.4577.82, chrome: {chromedriverVersion: 93.0.4577.63 (ff5c0da2ec0ad..., userDataDir: C:\Users\SAURAV~1.PUR\AppDa...}, goog:chromeOptions: {debuggerAddress: localhost:59529}, javascriptEnabled: true, networkConnectionEnabled: false, pageLoadStrategy: normal, platform: WINDOWS, platformName: WINDOWS, proxy: Proxy(), setWindowRect: true, strictFileInteractability: false, timeouts: {implicit: 0, pageLoad: 300000, script: 30000}, unhandledPromptBehavior: dismiss and notify, webauthn:extension:credBlob: true, webauthn:extension:largeBlob: true, webauthn:virtualAuthenticators: true, webdriver.remote.sessionid: c2c1e80c04fab89279030f71d40...}
Session ID: c2c1e80c04fab89279030f71d401c9e0
	at org.testng.Assert.fail(Assert.java:94)
	at com.support.files.Log.fail(Log.java:727)
	at com.support.files.Utils.waitForElement(Utils.java:357)
	at com.inszoomapp.pages.CM_ClientToDoPage.addNewToDoUsingQuestionnaireTemplateAndDocsCheckList(CM_ClientToDoPage.java:410)
	at com.inszoomapp.testscripts.ToDoTestScripts.CM_TC_112_1(ToDoTestScripts.java:959)
	at sun.reflect.NativeMethodAccessorImpl.invoke0(Native Method)
	at sun.reflect.NativeMethodAccessorImpl.invoke(Unknown Source)
	at sun.reflect.DelegatingMethodAccessorImpl.invoke(Unknown Source)
	at java.lang.reflect.Method.invoke(Unknown Source)
	at org.testng.internal.MethodInvocationHelper.invokeMethod(MethodInvocationHelper.java:85)
	at org.testng.internal.Invoker.invokeMethod(Invoker.java:639)
	at org.testng.internal.Invoker.invokeTestMethod(Invoker.java:816)
	at org.testng.internal.TestMethodWithDataProviderMethodWorker.call(TestMethodWithDataProviderMethodWorker.java:75)
	at org.testng.internal.TestMethodWithDataProviderMethodWorker.call(TestMethodWithDataProviderMethodWorker.java:14)
	at java.util.concurrent.FutureTask.run(Unknown Source)
	at java.util.concurrent.Executors$RunnableAdapter.call(Unknown Source)
	at java.util.concurrent.FutureTask.run(Unknown Source)
	at java.util.concurrent.ThreadPoolExecutor.runWorker(Unknown Source)
	at java.util.concurrent.ThreadPoolExecutor$Worker.run(Unknown Source)
	at java.lang.Thread.run(Unknown Source)
</pre></div></td>
<td>198</td>
<td>com.inszoomapp.testscripts.ToDoTestScripts@26a7b76d</td></tr>
</table><p>
</body>
</html>